C:\USERS\MEMNONAS\DESKTOP\UNIVERSITY\3O ETOS\ARXITEKTONIKI LAB\PROJECT\PREDICTOR\PREDICTOR\DEBUG\BACKUPCODE.C.NATIVECODEANALYSIS.XML
C:\USERS\MEMNONAS\DESKTOP\UNIVERSITY\3O ETOS\ARXITEKTONIKI LAB\PROJECT\PREDICTOR\PREDICTOR\DEBUG\BACKUPCODE.OBJ
C:\USERS\MEMNONAS\DESKTOP\UNIVERSITY\3O ETOS\ARXITEKTONIKI LAB\PROJECT\PREDICTOR\PREDICTOR\DEBUG\VC110.PDB
C:\USERS\MEMNONAS\DESKTOP\UNIVERSITY\3O ETOS\ARXITEKTONIKI LAB\PROJECT\PREDICTOR\PREDICTOR\DEBUG\SOURCE2.C.NATIVECODEANALYSIS.XML
C:\USERS\MEMNONAS\DESKTOP\UNIVERSITY\3O ETOS\ARXITEKTONIKI LAB\PROJECT\PREDICTOR\PREDICTOR\DEBUG\SOURCE2.OBJ
C:\USERS\MEMNONAS\DESKTOP\UNIVERSITY\3O ETOS\ARXITEKTONIKI LAB\PROJECT\PREDICTOR\PREDICTOR\DEBUG\SOURCE333.C.NATIVECODEANALYSIS.XML
C:\USERS\MEMNONAS\DESKTOP\UNIVERSITY\3O ETOS\ARXITEKTONIKI LAB\PROJECT\PREDICTOR\PREDICTOR\DEBUG\SOURCE333.OBJ
C:\Users\Memnonas\Desktop\University\3o etos\arxitektoniki Lab\Project\Predictor\Predictor\Debug\BackupCode.obj
C:\Users\Memnonas\Desktop\University\3o etos\arxitektoniki Lab\Project\Predictor\Predictor\Debug\Source2.obj
C:\Users\Memnonas\Desktop\University\3o etos\arxitektoniki Lab\Project\Predictor\Predictor\Debug\Source333.obj
C:\Users\Memnonas\Desktop\University\3o etos\arxitektoniki Lab\Project\Predictor\Predictor\Debug\cl.command.1.tlog
C:\Users\Memnonas\Desktop\University\3o etos\arxitektoniki Lab\Project\Predictor\Predictor\Debug\CL.read.1.tlog
C:\Users\Memnonas\Desktop\University\3o etos\arxitektoniki Lab\Project\Predictor\Predictor\Debug\CL.write.1.tlog
C:\Users\Memnonas\Desktop\University\3o etos\arxitektoniki Lab\Project\Predictor\Predictor\Debug\link-cvtres.read.1.tlog
C:\Users\Memnonas\Desktop\University\3o etos\arxitektoniki Lab\Project\Predictor\Predictor\Debug\link-cvtres.write.1.tlog
C:\Users\Memnonas\Desktop\University\3o etos\arxitektoniki Lab\Project\Predictor\Predictor\Debug\link-rc.read.1.tlog
C:\Users\Memnonas\Desktop\University\3o etos\arxitektoniki Lab\Project\Predictor\Predictor\Debug\link-rc.write.1.tlog
C:\Users\Memnonas\Desktop\University\3o etos\arxitektoniki Lab\Project\Predictor\Predictor\Debug\link.command.1.tlog
C:\Users\Memnonas\Desktop\University\3o etos\arxitektoniki Lab\Project\Predictor\Predictor\Debug\link.read.1.tlog
C:\Users\Memnonas\Desktop\University\3o etos\arxitektoniki Lab\Project\Predictor\Predictor\Debug\link.write.1.tlog
C:\Users\Memnonas\Desktop\University\3o etos\arxitektoniki Lab\Project\Predictor\Predictor\Debug\vc110.idb
C:\Users\Memnonas\Desktop\University\3o etos\arxitektoniki Lab\Project\Predictor\Predictor\Debug\vc110.pdb
C:\Users\Memnonas\Desktop\University\3o etos\arxitektoniki Lab\Project\Predictor\Predictor\Debug\BackupCode.c.nativecodeanalysis.xml
C:\Users\Memnonas\Desktop\University\3o etos\arxitektoniki Lab\Project\Predictor\Predictor\Debug\Source2.c.nativecodeanalysis.xml
C:\Users\Memnonas\Desktop\University\3o etos\arxitektoniki Lab\Project\Predictor\Predictor\Debug\Source333.c.nativecodeanalysis.xml
C:\Users\Memnonas\Desktop\University\3o etos\arxitektoniki Lab\Project\Predictor\Debug\Predictor.pdb
