C:\USERS\MEMNONAS\DESKTOP\UNIVERSITY\3O ETOS\ARXITEKTONIKI LAB\PROJECT\PREDICTOR2\PREDICTOR\DEBUG\SOURCE2.OBJ
C:\USERS\MEMNONAS\DESKTOP\UNIVERSITY\3O ETOS\ARXITEKTONIKI LAB\PROJECT\PREDICTOR2\PREDICTOR\DEBUG\VC110.PDB
C:\USERS\MEMNONAS\DESKTOP\UNIVERSITY\3O ETOS\ARXITEKTONIKI LAB\PROJECT\PREDICTOR2\DEBUG\PREDICTOR.ILK
C:\USERS\MEMNONAS\DESKTOP\UNIVERSITY\3O ETOS\ARXITEKTONIKI LAB\PROJECT\PREDICTOR2\DEBUG\PREDICTOR.EXE
C:\USERS\MEMNONAS\DESKTOP\UNIVERSITY\3O ETOS\ARXITEKTONIKI LAB\PROJECT\PREDICTOR2\DEBUG\PREDICTOR.PDB
C:\Users\Memnonas\Desktop\University\3o etos\arxitektoniki Lab\Project\Predictor2\Predictor\Debug\Source2.obj
C:\Users\Memnonas\Desktop\University\3o etos\arxitektoniki Lab\Project\Predictor2\Predictor\Debug\cl.command.1.tlog
C:\Users\Memnonas\Desktop\University\3o etos\arxitektoniki Lab\Project\Predictor2\Predictor\Debug\CL.read.1.tlog
C:\Users\Memnonas\Desktop\University\3o etos\arxitektoniki Lab\Project\Predictor2\Predictor\Debug\CL.write.1.tlog
C:\Users\Memnonas\Desktop\University\3o etos\arxitektoniki Lab\Project\Predictor2\Predictor\Debug\link-cvtres.read.1.tlog
C:\Users\Memnonas\Desktop\University\3o etos\arxitektoniki Lab\Project\Predictor2\Predictor\Debug\link-cvtres.write.1.tlog
C:\Users\Memnonas\Desktop\University\3o etos\arxitektoniki Lab\Project\Predictor2\Predictor\Debug\link-rc.read.1.tlog
C:\Users\Memnonas\Desktop\University\3o etos\arxitektoniki Lab\Project\Predictor2\Predictor\Debug\link-rc.write.1.tlog
C:\Users\Memnonas\Desktop\University\3o etos\arxitektoniki Lab\Project\Predictor2\Predictor\Debug\link.7728-cvtres.read.1.tlog
C:\Users\Memnonas\Desktop\University\3o etos\arxitektoniki Lab\Project\Predictor2\Predictor\Debug\link.7728-cvtres.write.1.tlog
C:\Users\Memnonas\Desktop\University\3o etos\arxitektoniki Lab\Project\Predictor2\Predictor\Debug\link.7728-rc.read.1.tlog
C:\Users\Memnonas\Desktop\University\3o etos\arxitektoniki Lab\Project\Predictor2\Predictor\Debug\link.7728-rc.write.1.tlog
C:\Users\Memnonas\Desktop\University\3o etos\arxitektoniki Lab\Project\Predictor2\Predictor\Debug\link.7728.read.1.tlog
C:\Users\Memnonas\Desktop\University\3o etos\arxitektoniki Lab\Project\Predictor2\Predictor\Debug\link.7728.write.1.tlog
C:\Users\Memnonas\Desktop\University\3o etos\arxitektoniki Lab\Project\Predictor2\Predictor\Debug\link.8700-cvtres.read.1.tlog
C:\Users\Memnonas\Desktop\University\3o etos\arxitektoniki Lab\Project\Predictor2\Predictor\Debug\link.8700-cvtres.write.1.tlog
C:\Users\Memnonas\Desktop\University\3o etos\arxitektoniki Lab\Project\Predictor2\Predictor\Debug\link.8700-rc.read.1.tlog
C:\Users\Memnonas\Desktop\University\3o etos\arxitektoniki Lab\Project\Predictor2\Predictor\Debug\link.8700-rc.write.1.tlog
C:\Users\Memnonas\Desktop\University\3o etos\arxitektoniki Lab\Project\Predictor2\Predictor\Debug\link.8700.read.1.tlog
C:\Users\Memnonas\Desktop\University\3o etos\arxitektoniki Lab\Project\Predictor2\Predictor\Debug\link.8700.write.1.tlog
C:\Users\Memnonas\Desktop\University\3o etos\arxitektoniki Lab\Project\Predictor2\Predictor\Debug\link.command.1.tlog
C:\Users\Memnonas\Desktop\University\3o etos\arxitektoniki Lab\Project\Predictor2\Predictor\Debug\link.read.1.tlog
C:\Users\Memnonas\Desktop\University\3o etos\arxitektoniki Lab\Project\Predictor2\Predictor\Debug\link.write.1.tlog
C:\Users\Memnonas\Desktop\University\3o etos\arxitektoniki Lab\Project\Predictor2\Predictor\Debug\vc110.idb
C:\Users\Memnonas\Desktop\University\3o etos\arxitektoniki Lab\Project\Predictor2\Predictor\Debug\vc110.pdb
C:\Users\Memnonas\Desktop\University\3o etos\arxitektoniki Lab\Project\Predictor2\Debug\Predictor.pdb
C:\Users\Memnonas\Desktop\University\3o etos\arxitektoniki Lab\Project\Predictor2\Debug\Predictor.exe
C:\Users\Memnonas\Desktop\University\3o etos\arxitektoniki Lab\Project\Predictor2\Debug\Predictor.ilk
